#
# There is insufficient memory for the Java Runtime Environment to continue.
# Native memory allocation (mmap) failed to map 536870912 bytes for Failed to commit area from 0x00000000c0000000 to 0x00000000e0000000 of length 536870912.
# Possible reasons:
#   The system is out of physical RAM or swap space
#   The process is running with CompressedOops enabled, and the Java Heap may be blocking the growth of the native heap
# Possible solutions:
#   Reduce memory load on the system
#   Increase physical memory or swap space
#   Check if swap backing store is full
#   Decrease Java heap size (-Xmx/-Xms)
#   Decrease number of Java threads
#   Decrease Java thread stack sizes (-Xss)
#   Set larger code cache with -XX:ReservedCodeCacheSize=
# This output file may be truncated or incomplete.
#
#  Out of Memory Error (./src/hotspot/os/windows/os_windows.cpp:3386), pid=9268, tid=17780
#
# JRE version:  (11.0.16.1+1) (build )
# Java VM: OpenJDK 64-Bit Server VM (11.0.16.1+1-LTS, mixed mode, sharing, tiered, compressed oops, g1 gc, windows-amd64)
# No core dump will be written. Minidumps are not enabled by default on client versions of Windows
#

---------------  S U M M A R Y ------------

Command Line: -Xms512m -Xmx1024m 

Host: Intel(R) Core(TM) i3-1005G1 CPU @ 1.20GHz, 4 cores, 3G,  Windows 11 , 64 bit Build 22621 (10.0.22621.3374)
Time: Sun May 12 18:49:30 2024 Maroc (heure d64 bit Build 22621 (10.0.22621.3374) elapsed time: 0.054180 seconds (0d 0h 0m 0s)

---------------  T H R E A D  ---------------

Current thread (0x00000264ea966800):  JavaThread "Unknown thread" [_thread_in_vm, id=17780, stack(0x000000ebc2900000,0x000000ebc2a00000)]

Stack: [0x000000ebc2900000,0x000000ebc2a00000]
Native frames: (J=compiled Java code, j=interpreted, Vv=VM code, C=native code)
V  [jvm.dll+0x62652a]
V  [jvm.dll+0x7b3249]
V  [jvm.dll+0x7b4938]
V  [jvm.dll+0x7b5013]
V  [jvm.dll+0x24fca8]
V  [jvm.dll+0x62383a]
V  [jvm.dll+0x617fe5]
V  [jvm.dll+0x307bac]
V  [jvm.dll+0x307a32]
V  [jvm.dll+0x30c746]
V  [jvm.dll+0x352b9f]
V  [jvm.dll+0x3525d0]
V  [jvm.dll+0x2e4ba8]
V  [jvm.dll+0x2e5d06]
V  [jvm.dll+0x78d097]
V  [jvm.dll+0x78e81f]
V  [jvm.dll+0x35f8e9]
V  [jvm.dll+0x770000]
V  [jvm.dll+0x3cd40f]
V  [jvm.dll+0x3cf7a1]
C  [jli.dll+0x5207]
C  [ucrtbase.dll+0x29333]
C  [KERNEL32.DLL+0x1257d]
C  [ntdll.dll+0x5aa48]


---------------  P R O C E S S  ---------------

Threads class SMR info:
_java_thread_list=0x00000264ea6e6930, length=0, elements={
}

Java Threads: ( => current thread )

Other Threads:
  0x00000264ea7ce000 GCTaskThread "GC Thread#0" [stack: 0x000000ebc2a00000,0x000000ebc2b00000] [id=4216]
  0x00000264ea995800 ConcurrentGCThread "G1 Main Marker" [stack: 0x000000ebc2b00000,0x000000ebc2c00000] [id=11700]
  0x00000264ea997000 ConcurrentGCThread "G1 Conc#0" [stack: 0x000000ebc2c00000,0x000000ebc2d00000] [id=17184]

[error occurred during error reporting (printing all threads), id 0xc0000005, EXCEPTION_ACCESS_VIOLATION (0xc0000005) at pc=0x00007fff27574377]

VM state:not at safepoint (not fully initialized)

VM Mutex/Monitor currently owned by a thread:  ([mutex/lock_event])
[0x00000264ea963f00] Heap_lock - owner thread: 0x00000264ea966800

Heap address: 0x00000000c0000000, size: 1024 MB, Compressed Oops mode: Non-zero based: 0x00000000c0000000
Narrow klass base: 0x0000000000000000, Narrow klass shift: 0

GC Heap History (0 events):
No events

Deoptimization events (0 events):
No events

Classes redefined (0 events):
No events

Internal exceptions (0 events):
No events

Events (1 events):
Event: 0.035 Loaded shared library C:\Program Files\Microsoft\jdk-11.0.16.101-hotspot\bin\zip.dll


Dynamic libraries:
0x00007ff680ec0000 - 0x00007ff680ecd000 	C:\Program Files\Microsoft\jdk-11.0.16.101-hotspot\bin\java.exe
0x00007fffba270000 - 0x00007fffba486000 	C:\WINDOWS\SYSTEM32\ntdll.dll
0x00007fffb9cd0000 - 0x00007fffb9d94000 	C:\WINDOWS\System32\KERNEL32.DLL
0x00007fffb7a00000 - 0x00007fffb7da7000 	C:\WINDOWS\System32\KERNELBASE.dll
0x00007fffb78e0000 - 0x00007fffb79f1000 	C:\WINDOWS\System32\ucrtbase.dll
0x00007fffa7b10000 - 0x00007fffa7b27000 	C:\Program Files\Microsoft\jdk-11.0.16.101-hotspot\bin\jli.dll
0x00007fffa6720000 - 0x00007fffa6735000 	C:\Program Files\Microsoft\jdk-11.0.16.101-hotspot\bin\VCRUNTIME140.dll
0x00007fffb8fa0000 - 0x00007fffb914e000 	C:\WINDOWS\System32\USER32.dll
0x00007fffb78b0000 - 0x00007fffb78d6000 	C:\WINDOWS\System32\win32u.dll
0x00007fffb9e80000 - 0x00007fffb9ea9000 	C:\WINDOWS\System32\GDI32.dll
0x00007fffb7650000 - 0x00007fffb7769000 	C:\WINDOWS\System32\gdi32full.dll
0x00007fffb7810000 - 0x00007fffb78aa000 	C:\WINDOWS\System32\msvcp_win.dll
0x00007fffa6420000 - 0x00007fffa66b3000 	C:\WINDOWS\WinSxS\amd64_microsoft.windows.common-controls_6595b64144ccf1df_6.0.22621.3235_none_270f74e173860f98\COMCTL32.dll
0x00007fffb83e0000 - 0x00007fffb8487000 	C:\WINDOWS\System32\msvcrt.dll
0x00007fffb92d0000 - 0x00007fffb9301000 	C:\WINDOWS\System32\IMM32.DLL
0x00007fff7a930000 - 0x00007fff7a9cb000 	C:\Program Files\Microsoft\jdk-11.0.16.101-hotspot\bin\msvcp140.dll
0x00007fff27280000 - 0x00007fff27e0a000 	C:\Program Files\Microsoft\jdk-11.0.16.101-hotspot\bin\server\jvm.dll
0x00007fffb8520000 - 0x00007fffb85d2000 	C:\WINDOWS\System32\ADVAPI32.dll
0x00007fffb91f0000 - 0x00007fffb9298000 	C:\WINDOWS\System32\sechost.dll
0x00007fffb7770000 - 0x00007fffb7798000 	C:\WINDOWS\System32\bcrypt.dll
0x00007fffb8cf0000 - 0x00007fffb8e05000 	C:\WINDOWS\System32\RPCRT4.dll
0x00007fffb8490000 - 0x00007fffb8498000 	C:\WINDOWS\System32\PSAPI.DLL
0x00007fffb18e0000 - 0x00007fffb18ea000 	C:\WINDOWS\SYSTEM32\VERSION.dll
0x00007fffafc20000 - 0x00007fffafc54000 	C:\WINDOWS\SYSTEM32\WINMM.dll
0x00007fff9cb70000 - 0x00007fff9cb79000 	C:\WINDOWS\SYSTEM32\WSOCK32.dll
0x00007fffb84a0000 - 0x00007fffb8511000 	C:\WINDOWS\System32\WS2_32.dll
0x00007fffb6590000 - 0x00007fffb65a8000 	C:\WINDOWS\SYSTEM32\kernel.appcore.dll
0x00007fffb1a30000 - 0x00007fffb1a40000 	C:\Program Files\Microsoft\jdk-11.0.16.101-hotspot\bin\verify.dll
0x00007fffb4e80000 - 0x00007fffb50b3000 	C:\WINDOWS\SYSTEM32\DBGHELP.DLL
0x00007fffb7fa0000 - 0x00007fffb8328000 	C:\WINDOWS\System32\combase.dll
0x00007fffb9da0000 - 0x00007fffb9e77000 	C:\WINDOWS\System32\OLEAUT32.dll
0x00007fff9cc00000 - 0x00007fff9cc32000 	C:\WINDOWS\SYSTEM32\dbgcore.DLL
0x00007fffb7f20000 - 0x00007fffb7f99000 	C:\WINDOWS\System32\bcryptPrimitives.dll
0x00007fffa4510000 - 0x00007fffa4538000 	C:\Program Files\Microsoft\jdk-11.0.16.101-hotspot\bin\java.dll
0x00007fffb0df0000 - 0x00007fffb0dfa000 	C:\Program Files\Microsoft\jdk-11.0.16.101-hotspot\bin\jimage.dll
0x00007fffa44f0000 - 0x00007fffa4508000 	C:\Program Files\Microsoft\jdk-11.0.16.101-hotspot\bin\zip.dll

dbghelp: loaded successfully - version: 4.0.5 - missing functions: none
symbol engine: initialized successfully - sym options: 0x614 - pdb path: .;C:\Program Files\Microsoft\jdk-11.0.16.101-hotspot\bin;C:\WINDOWS\SYSTEM32;C:\WINDOWS\WinSxS\amd64_microsoft.windows.common-controls_6595b64144ccf1df_6.0.22621.3235_none_270f74e173860f98;C:\Program Files\Microsoft\jdk-11.0.16.101-hotspot\bin\server

VM Arguments:
jvm_args: -Xms512m -Xmx1024m 
java_command: <unknown>
java_class_path (initial): <not set>
Launcher Type: SUN_STANDARD

[Global flags]
     intx CICompilerCount                          = 3                                         {product} {ergonomic}
     uint ConcGCThreads                            = 1                                         {product} {ergonomic}
     uint G1ConcRefinementThreads                  = 4                                         {product} {ergonomic}
   size_t G1HeapRegionSize                         = 1048576                                   {product} {ergonomic}
    uintx GCDrainStackTargetSize                   = 64                                        {product} {ergonomic}
   size_t InitialHeapSize                          = 536870912                                 {product} {command line}
   size_t MarkStackSize                            = 4194304                                   {product} {ergonomic}
   size_t MaxHeapSize                              = 1073741824                                {product} {command line}
   size_t MinHeapDeltaBytes                        = 1048576                                   {product} {ergonomic}
    uintx NonNMethodCodeHeapSize                   = 5830732                                {pd product} {ergonomic}
    uintx NonProfiledCodeHeapSize                  = 122913754                              {pd product} {ergonomic}
    uintx ProfiledCodeHeapSize                     = 122913754                              {pd product} {ergonomic}
    uintx ReservedCodeCacheSize                    = 251658240                              {pd product} {ergonomic}
     bool SegmentedCodeCache                       = true                                      {product} {ergonomic}
     bool UseCompressedClassPointers               = true                                 {lp64_product} {ergonomic}
     bool UseCompressedOops                        = true                                 {lp64_product} {ergonomic}
     bool UseG1GC                                  = true                                      {product} {ergonomic}
     bool UseLargePagesIndividualAllocation        = false                                  {pd product} {ergonomic}

Logging:
Log output configuration:
 #0: stdout all=warning uptime,level,tags
 #1: stderr all=off uptime,level,tags

Environment Variables:
PATH=C:\Program Files (x86)\VMware\VMware Workstation\bin\;C:\App\Admin\WINDOWS.X64_193000_db_home\bin;C:\Program Files\Microsoft\jdk-11.0.16.101-hotspot\bin;C:\oraclexe\app\oracle\product\11.2.0\server\bin;C:\Program Files\Common Files\Oracle\Java\javapath;C:\WINDOWS\system32;C:\WINDOWS;C:\WINDOWS\System32\Wbem;C:\WINDOWS\System32\WindowsPowerShell\v1.0\;C:\WINDOWS\System32\OpenSSH\;C:\Program Files\Java\jdk-18.0.2.1\bin;C:\Program Files\nodejs\node.exe;C:\ProgramData\ComposerSetup\bin;C:\Program Files\Microsoft SQL Server\150\Tools\Binn\;C:\Program Files\Microsoft SQL Server\Client SDK\ODBC\170\Tools\Binn\;C:\Program Files\dotnet\;C:\Program Files (x86)\Microsoft SQL Server\160\Tools\Binn\;C:\Program Files\Microsoft SQL Server\160\Tools\Binn\;C:\Program Files\Microsoft SQL Server\160\DTS\Binn\;C:\Program Files\Azure Data Studio\bin;C:\Program Files (x86)\Microsoft SQL Server\160\DTS\Binn\;C:\Program Files\Docker\Docker\resources\bin\docker.exe;C:\Users\Administrateur\Downloads\python-3.12.3-amd64.exe;C:\Program Files\Git\cmd;C:\maven\apache-maven-3.9.6-bin\apache-maven-3.9.6\bin;C:\Program Files\Java\jdk-21\bin;C:\Users\Administrateur\AppData\Local\Programs\Python\Python312\Scripts\;C:\Users\Administrateur\AppData\Local\Programs\Python\Python312\;C:\Users\Administrateur\AppData\Local\Programs\Python\Launcher\;C:\Users\Administrateur\AppData\Local\Microsoft\WindowsApps;C:\Users\Administrateur\AppData\Local\Programs\Microsoft VS Code\bin;C:\Program Files\JetBrains\IntelliJ IDEA Community Edition 2022.2.2\bin;;C:\Program Files\Java\jdk-18.0.2.1\bin;C:\Program Files\JetBrains\IntelliJ IDEA 2024.1\bin;;C:\Users\Administrateur\AppData\Roaming\npm;C:\xampp\php;C:\Users\Administrateur\AppData\Roaming\Composer\vendor\bin;C:\Program Files\Azure Data Studio\bin;C:\maven\apache-maven-3.9.6-bin\apache-maven-3.9.6\bin;
USERNAME=Administrateur
OS=Windows_NT
PROCESSOR_IDENTIFIER=Intel64 Family 6 Model 126 Stepping 5, GenuineIntel
TMP=C:\Users\ADMINI~1\AppData\Local\Temp
TEMP=C:\Users\ADMINI~1\AppData\Local\Temp



---------------  S Y S T E M  ---------------

OS: Windows 11 , 64 bit Build 22621 (10.0.22621.3374)
OS uptime: 3 days 20:02 hours
Hyper-V role detected

CPU:total 4 (initial active 4) (2 cores per cpu, 2 threads per core) family 6 model 126 stepping 5 microcode 0x86, cmov, cx8, fxsr, mmx, sse, sse2, sse3, ssse3, sse4.1, sse4.2, popcnt, avx, avx2, aes, clmul, erms, 3dnowpref, lzcnt, ht, tsc, tscinvbit, bmi1, bmi2, adx, evex, sha, fma

Memory: 4k page, system-wide physical 3891M (544M free)
TotalPageFile size 15667M (AvailPageFile size 274M)
current process WorkingSet (physical memory assigned to process): 10M, peak: 10M
current process commit charge ("private bytes"): 51M, peak: 563M

vm_info: OpenJDK 64-Bit Server VM (11.0.16.1+1-LTS) for windows-amd64 JRE (11.0.16.1+1-LTS), built on Aug 20 2022 20:09:04 by "" with MS VC++ 15.9 (VS2017)

END.
