#
# There is insufficient memory for the Java Runtime Environment to continue.
# Native memory allocation (malloc) failed to allocate 461136 bytes for Chunk::new
# Possible reasons:
#   The system is out of physical RAM or swap space
#   The process is running with CompressedOops enabled, and the Java Heap may be blocking the growth of the native heap
# Possible solutions:
#   Reduce memory load on the system
#   Increase physical memory or swap space
#   Check if swap backing store is full
#   Decrease Java heap size (-Xmx/-Xms)
#   Decrease number of Java threads
#   Decrease Java thread stack sizes (-Xss)
#   Set larger code cache with -XX:ReservedCodeCacheSize=
#   JVM is running with Unscaled Compressed Oops mode in which the Java heap is
#     placed in the first 4GB address space. The Java Heap base address is the
#     maximum limit for the native heap growth. Please use -XX:HeapBaseMinAddress
#     to set the Java Heap base and to place the Java Heap above 4GB virtual address.
# This output file may be truncated or incomplete.
#
#  Out of Memory Error (./src/hotspot/share/memory/arena.cpp:197), pid=18704, tid=8444
#
# JRE version: OpenJDK Runtime Environment Microsoft-40648 (11.0.16.1+1) (build 11.0.16.1+1-LTS)
# Java VM: OpenJDK 64-Bit Server VM Microsoft-40648 (11.0.16.1+1-LTS, mixed mode, tiered, compressed oops, g1 gc, windows-amd64)
# No core dump will be written. Minidumps are not enabled by default on client versions of Windows
#

---------------  S U M M A R Y ------------

Command Line: -Dclassworlds.conf=C:\maven\apache-maven-3.9.6-bin\apache-maven-3.9.6\bin\m2.conf -Dmaven.home=C:\maven\apache-maven-3.9.6-bin\apache-maven-3.9.6 -Dlibrary.jansi.path=C:\maven\apache-maven-3.9.6-bin\apache-maven-3.9.6\lib\jansi-native -Dmaven.multiModuleProjectDirectory=C:\projet Backend Parking\backend org.codehaus.plexus.classworlds.launcher.Launcher clean install -DskipTests

Host: Intel(R) Core(TM) i3-1005G1 CPU @ 1.20GHz, 4 cores, 3G,  Windows 11 , 64 bit Build 22621 (10.0.22621.3374)
Time: Sun May 12 18:44:56 2024 Maroc (heure d64 bit Build 22621 (10.0.22621.3374) elapsed time: 14.408887 seconds (0d 0h 0m 14s)

---------------  T H R E A D  ---------------

Current thread (0x00000203dbbf6800):  JavaThread "C2 CompilerThread0" daemon [_thread_in_native, id=8444, stack(0x000000b319500000,0x000000b319600000)]


Current CompileTask:
C2:  14408 3549   !   4       java.util.zip.InflaterInputStream::read (138 bytes)

Stack: [0x000000b319500000,0x000000b319600000]
Native frames: (J=compiled Java code, j=interpreted, Vv=VM code, C=native code)
V  [jvm.dll+0x62652a]
V  [jvm.dll+0x7b3249]
V  [jvm.dll+0x7b4938]
V  [jvm.dll+0x7b5013]
V  [jvm.dll+0x24fca8]
V  [jvm.dll+0xc262c]
V  [jvm.dll+0xc2bec]
V  [jvm.dll+0x359e77]
V  [jvm.dll+0x326003]
V  [jvm.dll+0x32533a]
V  [jvm.dll+0x208fd5]
V  [jvm.dll+0x2080fd]
V  [jvm.dll+0x18a411]
V  [jvm.dll+0x217954]
V  [jvm.dll+0x215b9b]
V  [jvm.dll+0x775d50]
V  [jvm.dll+0x76ec84]
V  [jvm.dll+0x625395]
C  [ucrtbase.dll+0x29333]
C  [KERNEL32.DLL+0x1257d]
C  [ntdll.dll+0x5aa48]


---------------  P R O C E S S  ---------------

Threads class SMR info:
_java_thread_list=0x00000203dc694f60, length=10, elements={
0x00000203bfb40800, 0x00000203dbba3000, 0x00000203dbbac000, 0x00000203dbb9e000,
0x00000203dbb9f800, 0x00000203dbbf4800, 0x00000203dbbf6800, 0x00000203dbbfd000,
0x00000203dc548800, 0x00000203dc6bb800
}

Java Threads: ( => current thread )
  0x00000203bfb40800 JavaThread "main" [_thread_in_vm, id=7656, stack(0x000000b318900000,0x000000b318a00000)]
  0x00000203dbba3000 JavaThread "Reference Handler" daemon [_thread_blocked, id=19316, stack(0x000000b319000000,0x000000b319100000)]
  0x00000203dbbac000 JavaThread "Finalizer" daemon [_thread_blocked, id=17172, stack(0x000000b319100000,0x000000b319200000)]
  0x00000203dbb9e000 JavaThread "Signal Dispatcher" daemon [_thread_blocked, id=3548, stack(0x000000b319200000,0x000000b319300000)]
  0x00000203dbb9f800 JavaThread "Attach Listener" daemon [_thread_blocked, id=1852, stack(0x000000b319300000,0x000000b319400000)]
  0x00000203dbbf4800 JavaThread "Service Thread" daemon [_thread_blocked, id=7988, stack(0x000000b319400000,0x000000b319500000)]
=>0x00000203dbbf6800 JavaThread "C2 CompilerThread0" daemon [_thread_in_native, id=8444, stack(0x000000b319500000,0x000000b319600000)]
  0x00000203dbbfd000 JavaThread "C1 CompilerThread0" daemon [_thread_blocked, id=7328, stack(0x000000b319600000,0x000000b319700000)]
  0x00000203dc548800 JavaThread "Sweeper thread" daemon [_thread_blocked, id=10256, stack(0x000000b319700000,0x000000b319800000)]
  0x00000203dc6bb800 JavaThread "Common-Cleaner" daemon [_thread_blocked, id=13964, stack(0x000000b319900000,0x000000b319a00000)]

Other Threads:
  0x00000203dbb6c800 VMThread "VM Thread" [stack: 0x000000b318f00000,0x000000b319000000] [id=3716]
  0x00000203dc6a9800 WatcherThread [stack: 0x000000b319800000,0x000000b319900000] [id=13188]
  0x00000203bfb5a800 GCTaskThread "GC Thread#0" [stack: 0x000000b318a00000,0x000000b318b00000] [id=16792]
  0x00000203dd0fd800 GCTaskThread "GC Thread#1" [stack: 0x000000b319a00000,0x000000b319b00000] [id=15556]
  0x00000203bfb74000 ConcurrentGCThread "G1 Main Marker" [stack: 0x000000b318b00000,0x000000b318c00000] [id=8260]
  0x00000203bfb75800 ConcurrentGCThread "G1 Conc#0" [stack: 0x000000b318c00000,0x000000b318d00000] [id=12708]
  0x00000203bfbc1000 ConcurrentGCThread "G1 Refine#0" [stack: 0x000000b318d00000,0x000000b318e00000] [id=21652]
  0x00000203bfbc2000 ConcurrentGCThread "G1 Young RemSet Sampling" [stack: 0x000000b318e00000,0x000000b318f00000] [id=15928]

Threads with active compile tasks:
C2 CompilerThread0    14459 3549   !   4       java.util.zip.InflaterInputStream::read (138 bytes)

VM state:not at safepoint (normal execution)

VM Mutex/Monitor currently owned by a thread: None

Heap address: 0x00000000c3200000, size: 974 MB, Compressed Oops mode: 32-bit
Narrow klass base: 0x0000000000000000, Narrow klass shift: 3
Compressed class space size: 1073741824 Address: 0x0000000100000000

Heap:
 garbage-first heap   total 63488K, used 25561K [0x00000000c3200000, 0x0000000100000000)
  region size 1024K, 21 young (21504K), 4 survivors (4096K)
 Metaspace       used 26858K, capacity 27467K, committed 27644K, reserved 1073152K
  class space    used 2893K, capacity 3102K, committed 3148K, reserved 1048576K
Heap Regions: E=young(eden), S=young(survivor), O=old, HS=humongous(starts), HC=humongous(continues), CS=collection set, F=free, A=archive, TAMS=top-at-mark-start (previous, next)
|   0|0x00000000c3200000, 0x00000000c3300000, 0x00000000c3300000|100%| O|  |TAMS 0x00000000c3300000, 0x00000000c3200000| Untracked 
|   1|0x00000000c3300000, 0x00000000c3400000, 0x00000000c3400000|100%| O|  |TAMS 0x00000000c3400000, 0x00000000c3300000| Untracked 
|   2|0x00000000c3400000, 0x00000000c3500000, 0x00000000c3500000|100%| O|  |TAMS 0x00000000c3500000, 0x00000000c3400000| Untracked 
|   3|0x00000000c3500000, 0x00000000c3600000, 0x00000000c3600000|100%| O|  |TAMS 0x00000000c35e0000, 0x00000000c3500000| Untracked 
|   4|0x00000000c3600000, 0x00000000c3700000, 0x00000000c3700000|100%| O|  |TAMS 0x00000000c3600000, 0x00000000c3600000| Untracked 
|   5|0x00000000c3700000, 0x00000000c37f6400, 0x00000000c3800000| 96%| O|  |TAMS 0x00000000c3700000, 0x00000000c3700000| Untracked 
|   6|0x00000000c3800000, 0x00000000c3800000, 0x00000000c3900000|  0%| F|  |TAMS 0x00000000c3800000, 0x00000000c3800000| Untracked 
|   7|0x00000000c3900000, 0x00000000c3900000, 0x00000000c3a00000|  0%| F|  |TAMS 0x00000000c3900000, 0x00000000c3900000| Untracked 
|   8|0x00000000c3a00000, 0x00000000c3a00000, 0x00000000c3b00000|  0%| F|  |TAMS 0x00000000c3a00000, 0x00000000c3a00000| Untracked 
|   9|0x00000000c3b00000, 0x00000000c3b00000, 0x00000000c3c00000|  0%| F|  |TAMS 0x00000000c3b00000, 0x00000000c3b00000| Untracked 
|  10|0x00000000c3c00000, 0x00000000c3c00000, 0x00000000c3d00000|  0%| F|  |TAMS 0x00000000c3c00000, 0x00000000c3c00000| Untracked 
|  11|0x00000000c3d00000, 0x00000000c3d00000, 0x00000000c3e00000|  0%| F|  |TAMS 0x00000000c3d00000, 0x00000000c3d00000| Untracked 
|  12|0x00000000c3e00000, 0x00000000c3e00000, 0x00000000c3f00000|  0%| F|  |TAMS 0x00000000c3e00000, 0x00000000c3e00000| Untracked 
|  13|0x00000000c3f00000, 0x00000000c3f00000, 0x00000000c4000000|  0%| F|  |TAMS 0x00000000c3f00000, 0x00000000c3f00000| Untracked 
|  14|0x00000000c4000000, 0x00000000c4000000, 0x00000000c4100000|  0%| F|  |TAMS 0x00000000c4000000, 0x00000000c4000000| Untracked 
|  15|0x00000000c4100000, 0x00000000c4100000, 0x00000000c4200000|  0%| F|  |TAMS 0x00000000c4100000, 0x00000000c4100000| Untracked 
|  16|0x00000000c4200000, 0x00000000c4200000, 0x00000000c4300000|  0%| F|  |TAMS 0x00000000c4200000, 0x00000000c4200000| Untracked 
|  17|0x00000000c4300000, 0x00000000c4300000, 0x00000000c4400000|  0%| F|  |TAMS 0x00000000c4300000, 0x00000000c4300000| Untracked 
|  18|0x00000000c4400000, 0x00000000c4400000, 0x00000000c4500000|  0%| F|  |TAMS 0x00000000c4400000, 0x00000000c4400000| Untracked 
|  19|0x00000000c4500000, 0x00000000c4500000, 0x00000000c4600000|  0%| F|  |TAMS 0x00000000c4500000, 0x00000000c4500000| Untracked 
|  20|0x00000000c4600000, 0x00000000c4600000, 0x00000000c4700000|  0%| F|  |TAMS 0x00000000c4600000, 0x00000000c4600000| Untracked 
|  21|0x00000000c4700000, 0x00000000c4700000, 0x00000000c4800000|  0%| F|  |TAMS 0x00000000c4700000, 0x00000000c4700000| Untracked 
|  22|0x00000000c4800000, 0x00000000c4800000, 0x00000000c4900000|  0%| F|  |TAMS 0x00000000c4800000, 0x00000000c4800000| Untracked 
|  23|0x00000000c4900000, 0x00000000c4900000, 0x00000000c4a00000|  0%| F|  |TAMS 0x00000000c4900000, 0x00000000c4900000| Untracked 
|  24|0x00000000c4a00000, 0x00000000c4a00000, 0x00000000c4b00000|  0%| F|  |TAMS 0x00000000c4a00000, 0x00000000c4a00000| Untracked 
|  25|0x00000000c4b00000, 0x00000000c4b00000, 0x00000000c4c00000|  0%| F|  |TAMS 0x00000000c4b00000, 0x00000000c4b00000| Untracked 
|  26|0x00000000c4c00000, 0x00000000c4c00000, 0x00000000c4d00000|  0%| F|  |TAMS 0x00000000c4c00000, 0x00000000c4c00000| Untracked 
|  27|0x00000000c4d00000, 0x00000000c4d00000, 0x00000000c4e00000|  0%| F|  |TAMS 0x00000000c4d00000, 0x00000000c4d00000| Untracked 
|  28|0x00000000c4e00000, 0x00000000c4e00000, 0x00000000c4f00000|  0%| F|  |TAMS 0x00000000c4e00000, 0x00000000c4e00000| Untracked 
|  29|0x00000000c4f00000, 0x00000000c4f00000, 0x00000000c5000000|  0%| F|  |TAMS 0x00000000c4f00000, 0x00000000c4f00000| Untracked 
|  30|0x00000000c5000000, 0x00000000c5100000, 0x00000000c5100000|100%| S|CS|TAMS 0x00000000c5000000, 0x00000000c5000000| Complete 
|  31|0x00000000c5100000, 0x00000000c5200000, 0x00000000c5200000|100%| S|CS|TAMS 0x00000000c5100000, 0x00000000c5100000| Complete 
|  32|0x00000000c5200000, 0x00000000c5300000, 0x00000000c5300000|100%| S|CS|TAMS 0x00000000c5200000, 0x00000000c5200000| Complete 
|  33|0x00000000c5300000, 0x00000000c5400000, 0x00000000c5400000|100%| S|CS|TAMS 0x00000000c5300000, 0x00000000c5300000| Complete 
|  34|0x00000000c5400000, 0x00000000c5400000, 0x00000000c5500000|  0%| F|  |TAMS 0x00000000c5400000, 0x00000000c5400000| Untracked 
|  35|0x00000000c5500000, 0x00000000c5500000, 0x00000000c5600000|  0%| F|  |TAMS 0x00000000c5500000, 0x00000000c5500000| Untracked 
|  36|0x00000000c5600000, 0x00000000c5600000, 0x00000000c5700000|  0%| F|  |TAMS 0x00000000c5600000, 0x00000000c5600000| Untracked 
|  37|0x00000000c5700000, 0x00000000c5700000, 0x00000000c5800000|  0%| F|  |TAMS 0x00000000c5700000, 0x00000000c5700000| Untracked 
|  38|0x00000000c5800000, 0x00000000c5800000, 0x00000000c5900000|  0%| F|  |TAMS 0x00000000c5800000, 0x00000000c5800000| Untracked 
|  39|0x00000000c5900000, 0x00000000c5900000, 0x00000000c5a00000|  0%| F|  |TAMS 0x00000000c5900000, 0x00000000c5900000| Untracked 
|  40|0x00000000c5a00000, 0x00000000c5a00000, 0x00000000c5b00000|  0%| F|  |TAMS 0x00000000c5a00000, 0x00000000c5a00000| Untracked 
|  41|0x00000000c5b00000, 0x00000000c5b00000, 0x00000000c5c00000|  0%| F|  |TAMS 0x00000000c5b00000, 0x00000000c5b00000| Untracked 
|  42|0x00000000c5c00000, 0x00000000c5c00000, 0x00000000c5d00000|  0%| F|  |TAMS 0x00000000c5c00000, 0x00000000c5c00000| Untracked 
|  43|0x00000000c5d00000, 0x00000000c5d00000, 0x00000000c5e00000|  0%| F|  |TAMS 0x00000000c5d00000, 0x00000000c5d00000| Untracked 
|  44|0x00000000c5e00000, 0x00000000c5e00000, 0x00000000c5f00000|  0%| F|  |TAMS 0x00000000c5e00000, 0x00000000c5e00000| Untracked 
|  45|0x00000000c5f00000, 0x00000000c5f814d8, 0x00000000c6000000| 50%| E|  |TAMS 0x00000000c5f00000, 0x00000000c5f00000| Complete 
|  46|0x00000000c6000000, 0x00000000c6100000, 0x00000000c6100000|100%| E|CS|TAMS 0x00000000c6000000, 0x00000000c6000000| Complete 
|  47|0x00000000c6100000, 0x00000000c6200000, 0x00000000c6200000|100%| E|CS|TAMS 0x00000000c6100000, 0x00000000c6100000| Complete 
|  48|0x00000000c6200000, 0x00000000c6300000, 0x00000000c6300000|100%| E|  |TAMS 0x00000000c6200000, 0x00000000c6200000| Complete 
|  49|0x00000000c6300000, 0x00000000c6400000, 0x00000000c6400000|100%| E|CS|TAMS 0x00000000c6300000, 0x00000000c6300000| Complete 
|  50|0x00000000c6400000, 0x00000000c6500000, 0x00000000c6500000|100%| E|CS|TAMS 0x00000000c6400000, 0x00000000c6400000| Complete 
|  51|0x00000000c6500000, 0x00000000c6600000, 0x00000000c6600000|100%| E|CS|TAMS 0x00000000c6500000, 0x00000000c6500000| Complete 
|  52|0x00000000c6600000, 0x00000000c6700000, 0x00000000c6700000|100%| E|CS|TAMS 0x00000000c6600000, 0x00000000c6600000| Complete 
|  53|0x00000000c6700000, 0x00000000c6800000, 0x00000000c6800000|100%| E|CS|TAMS 0x00000000c6700000, 0x00000000c6700000| Complete 
|  54|0x00000000c6800000, 0x00000000c6900000, 0x00000000c6900000|100%| E|CS|TAMS 0x00000000c6800000, 0x00000000c6800000| Complete 
|  55|0x00000000c6900000, 0x00000000c6a00000, 0x00000000c6a00000|100%| E|CS|TAMS 0x00000000c6900000, 0x00000000c6900000| Complete 
|  56|0x00000000c6a00000, 0x00000000c6b00000, 0x00000000c6b00000|100%| E|CS|TAMS 0x00000000c6a00000, 0x00000000c6a00000| Complete 
|  57|0x00000000c6b00000, 0x00000000c6c00000, 0x00000000c6c00000|100%| E|CS|TAMS 0x00000000c6b00000, 0x00000000c6b00000| Complete 
|  58|0x00000000c6c00000, 0x00000000c6d00000, 0x00000000c6d00000|100%| E|CS|TAMS 0x00000000c6c00000, 0x00000000c6c00000| Complete 
|  59|0x00000000c6d00000, 0x00000000c6e00000, 0x00000000c6e00000|100%| E|CS|TAMS 0x00000000c6d00000, 0x00000000c6d00000| Complete 
|  60|0x00000000c6e00000, 0x00000000c6f00000, 0x00000000c6f00000|100%| E|CS|TAMS 0x00000000c6e00000, 0x00000000c6e00000| Complete 
|  61|0x00000000c6f00000, 0x00000000c7000000, 0x00000000c7000000|100%| E|CS|TAMS 0x00000000c6f00000, 0x00000000c6f00000| Complete 

Card table byte_map: [0x00000203d7480000,0x00000203d7670000] _byte_map_base: 0x00000203d6e67000

Marking Bits (Prev, Next): (CMBitMap*) 0x00000203bfb6f3b0, (CMBitMap*) 0x00000203bfb6f378
 Prev Bits: [0x00000203d87a0000, 0x00000203d96d8000)
 Next Bits: [0x00000203d7860000, 0x00000203d8798000)

Polling page: 0x00000203bdaa0000

Metaspace:

Usage:
  Non-class:     23.79 MB capacity,    23.41 MB ( 98%) used,   346.85 KB (  1%) free+waste,    45.13 KB ( <1%) overhead. 
      Class:      3.03 MB capacity,     2.83 MB ( 93%) used,   187.66 KB (  6%) free+waste,    19.50 KB ( <1%) overhead. 
       Both:     26.82 MB capacity,    26.24 MB ( 98%) used,   534.52 KB (  2%) free+waste,    64.63 KB ( <1%) overhead. 

Virtual space:
  Non-class space:       24.00 MB reserved,      23.92 MB (>99%) committed 
      Class space:        1.00 GB reserved,       3.07 MB ( <1%) committed 
             Both:        1.02 GB reserved,      27.00 MB (  3%) committed 

Chunk freelists:
   Non-Class:  3.00 KB
       Class:  2.00 KB
        Both:  5.00 KB

MaxMetaspaceSize: 17179869184.00 GB
CompressedClassSpaceSize: 1.00 GB
Initial GC threshold: 20.80 MB
Current GC threshold: 35.20 MB
CDS: off

CodeHeap 'non-profiled nmethods': size=120064Kb used=1450Kb max_used=1450Kb free=118613Kb
 bounds [0x00000203cfd50000, 0x00000203cffc0000, 0x00000203d7290000]
CodeHeap 'profiled nmethods': size=120000Kb used=7842Kb max_used=7842Kb free=112157Kb
 bounds [0x00000203c8820000, 0x00000203c8fd0000, 0x00000203cfd50000]
CodeHeap 'non-nmethods': size=5696Kb used=1202Kb max_used=1216Kb free=4493Kb
 bounds [0x00000203c8290000, 0x00000203c8500000, 0x00000203c8820000]
 total_blobs=4000 nmethods=3544 adapters=368
 compilation: enabled
              stopped_count=0, restarted_count=0
 full_count=0

Compilation events (20 events):
Event: 14.323 Thread 0x00000203dbbfd000 3542       3       java.lang.String::hashCode (49 bytes)
Event: 14.323 Thread 0x00000203dbbfd000 nmethod 3542 0x00000203c8fc7110 code [0x00000203c8fc7300, 0x00000203c8fc7708]
Event: 14.327 Thread 0x00000203dbbf6800 nmethod 3537 0x00000203cfeb5c90 code [0x00000203cfeb5e40, 0x00000203cfeb63f8]
Event: 14.327 Thread 0x00000203dbbf6800 3543       4       java.util.concurrent.ConcurrentHashMap::addCount (289 bytes)
Event: 14.330 Thread 0x00000203dbbf6800 nmethod 3543 0x00000203cfeb6590 code [0x00000203cfeb6740, 0x00000203cfeb6918]
Event: 14.330 Thread 0x00000203dbbf6800 3540       4       java.io.BufferedReader::readLine (6 bytes)
Event: 14.331 Thread 0x00000203dbbf6800 nmethod 3540 0x00000203cfeb6b90 code [0x00000203cfeb6d20, 0x00000203cfeb6da8]
Event: 14.331 Thread 0x00000203dbbf6800 3544       4       java.util.concurrent.ConcurrentHashMap::put (8 bytes)
Event: 14.331 Thread 0x00000203dbbf6800 nmethod 3544 0x00000203cfeb6e90 code [0x00000203cfeb7020, 0x00000203cfeb70a8]
Event: 14.331 Thread 0x00000203dbbf6800 3533       4       java.lang.String::contains (19 bytes)
Event: 14.333 Thread 0x00000203dbbf6800 nmethod 3533 0x00000203cfeb7190 code [0x00000203cfeb7320, 0x00000203cfeb7698]
Event: 14.334 Thread 0x00000203dbbf6800 3545       4       java.util.Collections$UnmodifiableCollection$1::hasNext (10 bytes)
Event: 14.335 Thread 0x00000203dbbf6800 nmethod 3545 0x00000203cfeb7790 code [0x00000203cfeb7920, 0x00000203cfeb79b8]
Event: 14.335 Thread 0x00000203dbbf6800 3546       4       java.util.Collections$UnmodifiableCollection$1::next (10 bytes)
Event: 14.337 Thread 0x00000203dbbf6800 nmethod 3546 0x00000203cfeb7a90 code [0x00000203cfeb7c40, 0x00000203cfeb7d98]
Event: 14.337 Thread 0x00000203dbbf6800 3547   !   4       java.util.concurrent.ConcurrentHashMap::putVal (432 bytes)
Event: 14.369 Thread 0x00000203dbbf6800 nmethod 3547 0x00000203cfeb7f90 code [0x00000203cfeb81c0, 0x00000203cfeb9970]
Event: 14.369 Thread 0x00000203dbbf6800 3548       4       java.lang.String::hashCode (49 bytes)
Event: 14.377 Thread 0x00000203dbbf6800 nmethod 3548 0x00000203cfeba490 code [0x00000203cfeba620, 0x00000203cfeba9f8]
Event: 14.377 Thread 0x00000203dbbf6800 3549   !   4       java.util.zip.InflaterInputStream::read (138 bytes)

GC Heap History (10 events):
Event: 7.262 GC heap before
{Heap before GC invocations=0 (full 0):
 garbage-first heap   total 63488K, used 13312K [0x00000000c3200000, 0x0000000100000000)
  region size 1024K, 14 young (14336K), 0 survivors (0K)
 Metaspace       used 11170K, capacity 11346K, committed 11648K, reserved 1060864K
  class space    used 1037K, capacity 1103K, committed 1152K, reserved 1048576K
}
Event: 7.271 GC heap after
{Heap after GC invocations=1 (full 0):
 garbage-first heap   total 63488K, used 3147K [0x00000000c3200000, 0x0000000100000000)
  region size 1024K, 2 young (2048K), 2 survivors (2048K)
 Metaspace       used 11170K, capacity 11346K, committed 11648K, reserved 1060864K
  class space    used 1037K, capacity 1103K, committed 1152K, reserved 1048576K
}
Event: 8.335 GC heap before
{Heap before GC invocations=1 (full 0):
 garbage-first heap   total 63488K, used 30795K [0x00000000c3200000, 0x0000000100000000)
  region size 1024K, 29 young (29696K), 2 survivors (2048K)
 Metaspace       used 14862K, capacity 15130K, committed 15232K, reserved 1062912K
  class space    used 1521K, capacity 1615K, committed 1664K, reserved 1048576K
}
Event: 8.341 GC heap after
{Heap after GC invocations=2 (full 0):
 garbage-first heap   total 63488K, used 4293K [0x00000000c3200000, 0x0000000100000000)
  region size 1024K, 4 young (4096K), 4 survivors (4096K)
 Metaspace       used 14862K, capacity 15130K, committed 15232K, reserved 1062912K
  class space    used 1521K, capacity 1615K, committed 1664K, reserved 1048576K
}
Event: 10.356 GC heap before
{Heap before GC invocations=2 (full 0):
 garbage-first heap   total 63488K, used 35013K [0x00000000c3200000, 0x0000000100000000)
  region size 1024K, 34 young (34816K), 4 survivors (4096K)
 Metaspace       used 19805K, capacity 20113K, committed 20224K, reserved 1067008K
  class space    used 2141K, capacity 2293K, committed 2304K, reserved 1048576K
}
Event: 10.367 GC heap after
{Heap after GC invocations=3 (full 0):
 garbage-first heap   total 63488K, used 6194K [0x00000000c3200000, 0x0000000100000000)
  region size 1024K, 3 young (3072K), 3 survivors (3072K)
 Metaspace       used 19805K, capacity 20113K, committed 20224K, reserved 1067008K
  class space    used 2141K, capacity 2293K, committed 2304K, reserved 1048576K
}
Event: 10.749 GC heap before
{Heap before GC invocations=3 (full 0):
 garbage-first heap   total 63488K, used 11314K [0x00000000c3200000, 0x0000000100000000)
  region size 1024K, 9 young (9216K), 3 survivors (3072K)
 Metaspace       used 20887K, capacity 21216K, committed 21296K, reserved 1069056K
  class space    used 2281K, capacity 2425K, committed 2432K, reserved 1048576K
}
Event: 10.759 GC heap after
{Heap after GC invocations=4 (full 0):
 garbage-first heap   total 63488K, used 6842K [0x00000000c3200000, 0x0000000100000000)
  region size 1024K, 3 young (3072K), 3 survivors (3072K)
 Metaspace       used 20887K, capacity 21216K, committed 21296K, reserved 1069056K
  class space    used 2281K, capacity 2425K, committed 2432K, reserved 1048576K
}
Event: 12.619 GC heap before
{Heap before GC invocations=5 (full 0):
 garbage-first heap   total 63488K, used 31418K [0x00000000c3200000, 0x0000000100000000)
  region size 1024K, 28 young (28672K), 3 survivors (3072K)
 Metaspace       used 23282K, capacity 23809K, committed 24188K, reserved 1071104K
  class space    used 2501K, capacity 2649K, committed 2764K, reserved 1048576K
}
Event: 12.634 GC heap after
{Heap after GC invocations=6 (full 0):
 garbage-first heap   total 63488K, used 10201K [0x00000000c3200000, 0x0000000100000000)
  region size 1024K, 4 young (4096K), 4 survivors (4096K)
 Metaspace       used 23282K, capacity 23809K, committed 24188K, reserved 1071104K
  class space    used 2501K, capacity 2649K, committed 2764K, reserved 1048576K
}

Deoptimization events (20 events):
Event: 12.932 Thread 0x00000203bfb40800 DEOPT PACKING pc=0x00000203cfdb0dc4 sp=0x000000b3189f95e0
Event: 12.933 Thread 0x00000203bfb40800 DEOPT UNPACKING pc=0x00000203c82985af sp=0x000000b3189f9568 mode 2
Event: 13.332 Thread 0x00000203bfb40800 DEOPT PACKING pc=0x00000203c8f3de38 sp=0x000000b3189fae00
Event: 13.333 Thread 0x00000203bfb40800 DEOPT UNPACKING pc=0x00000203c82d9d0e sp=0x000000b3189fa280 mode 0
Event: 14.286 Thread 0x00000203bfb40800 Uncommon trap: trap_request=0xffffff4d fr.pc=0x00000203cfd76d08 relative=0x00000000000002e8
Event: 14.286 Thread 0x00000203bfb40800 Uncommon trap: reason=unstable_if action=reinterpret pc=0x00000203cfd76d08 method=java.lang.StringUTF16.compress([CI[BII)I @ 20 c2
Event: 14.286 Thread 0x00000203bfb40800 DEOPT PACKING pc=0x00000203cfd76d08 sp=0x000000b3189fc950
Event: 14.286 Thread 0x00000203bfb40800 DEOPT UNPACKING pc=0x00000203c82985af sp=0x000000b3189fc8d0 mode 2
Event: 14.320 Thread 0x00000203bfb40800 Uncommon trap: trap_request=0xffffff4d fr.pc=0x00000203cfd933c4 relative=0x0000000000000984
Event: 14.320 Thread 0x00000203bfb40800 Uncommon trap: reason=unstable_if action=reinterpret pc=0x00000203cfd933c4 method=java.util.concurrent.ConcurrentHashMap.putVal(Ljava/lang/Object;Ljava/lang/Object;Z)Ljava/lang/Object; @ 245 c2
Event: 14.320 Thread 0x00000203bfb40800 DEOPT PACKING pc=0x00000203cfd933c4 sp=0x000000b3189fcaa0
Event: 14.320 Thread 0x00000203bfb40800 DEOPT UNPACKING pc=0x00000203c82985af sp=0x000000b3189fca28 mode 2
Event: 14.320 Thread 0x00000203bfb40800 Uncommon trap: trap_request=0xffffff4d fr.pc=0x00000203cfd771a8 relative=0x0000000000000188
Event: 14.321 Thread 0x00000203bfb40800 Uncommon trap: reason=unstable_if action=reinterpret pc=0x00000203cfd771a8 method=java.lang.String.hashCode()I @ 22 c2
Event: 14.321 Thread 0x00000203bfb40800 DEOPT PACKING pc=0x00000203cfd771a8 sp=0x000000b3189fca20
Event: 14.321 Thread 0x00000203bfb40800 DEOPT UNPACKING pc=0x00000203c82985af sp=0x000000b3189fc9b0 mode 2
Event: 14.335 Thread 0x00000203bfb40800 Uncommon trap: trap_request=0xffffff4d fr.pc=0x00000203cfddabb8 relative=0x0000000000001238
Event: 14.335 Thread 0x00000203bfb40800 Uncommon trap: reason=unstable_if action=reinterpret pc=0x00000203cfddabb8 method=java.util.concurrent.ConcurrentHashMap.transfer([Ljava/util/concurrent/ConcurrentHashMap$Node;[Ljava/util/concurrent/ConcurrentHashMap$Node;)V @ 352 c2
Event: 14.335 Thread 0x00000203bfb40800 DEOPT PACKING pc=0x00000203cfddabb8 sp=0x000000b3189fc8f0
Event: 14.336 Thread 0x00000203bfb40800 DEOPT UNPACKING pc=0x00000203c82985af sp=0x000000b3189fc888 mode 2

Classes redefined (0 events):
No events

Internal exceptions (20 events):
Event: 9.825 Thread 0x00000203bfb40800 Exception <a 'java/lang/NoSuchMethodError'{0x00000000c5843fd0}: 'void java.lang.invoke.DirectMethodHandle$Holder.invokeStaticInit(java.lang.Object, java.lang.Object, java.lang.Object)'> (0x00000000c5843fd0) thrown at [./src/hotspot/share/interpreter/linkResolver.cpp, line 773]
Event: 9.918 Thread 0x00000203bfb40800 Implicit null exception at 0x00000203cfdbe76f to 0x00000203cfdbe8f4
Event: 9.919 Thread 0x00000203bfb40800 Exception <a 'java/lang/NoSuchMethodError'{0x00000000c577e3f8}: 'java.lang.Object java.lang.invoke.DirectMethodHandle$Holder.newInvokeSpecial(java.lang.Object, int)'> (0x00000000c577e3f8) thrown at [./src/hotspot/share/interpreter/linkResolver.cpp, line 773]
Event: 9.924 Thread 0x00000203bfb40800 Exception <a 'java/lang/NoSuchMethodError'{0x00000000c578c2b8}: 'java.lang.Object java.lang.invoke.Invokers$Holder.invokeExact_MT(java.lang.Object, int, java.lang.Object)'> (0x00000000c578c2b8) thrown at [./src/hotspot/share/interpreter/linkResolver.cpp, line 773]
Event: 9.954 Thread 0x00000203bfb40800 Exception <a 'java/lang/NoSuchMethodError'{0x00000000c56341f0}: 'int java.lang.invoke.DirectMethodHandle$Holder.invokeSpecial(java.lang.Object, java.lang.Object, java.lang.Object, java.lang.Object)'> (0x00000000c56341f0) thrown at [./src/hotspot/share/interpreter/linkResolver.cpp, line 773]
Event: 10.589 Thread 0x00000203bfb40800 Exception <a 'java/lang/NoClassDefFoundError'{0x00000000c6cf0aa8}: com/google/inject/servlet/ServletModuleTargetVisitor> (0x00000000c6cf0aa8) thrown at [./src/hotspot/share/classfile/systemDictionary.cpp, line 219]
Event: 10.590 Thread 0x00000203bfb40800 Exception <a 'java/lang/NoClassDefFoundError'{0x00000000c6cf0aa8}> (0x00000000c6cf0aa8) thrown at [./src/hotspot/share/prims/jvm.cpp, line 1310]
Event: 10.708 Thread 0x00000203bfb40800 Exception <a 'java/lang/NoSuchMethodError'{0x00000000c6a9f298}: 'void java.lang.invoke.DirectMethodHandle$Holder.invokeVirtual(java.lang.Object, java.lang.Object)'> (0x00000000c6a9f298) thrown at [./src/hotspot/share/interpreter/linkResolver.cpp, line 773]
Event: 10.782 Thread 0x00000203bfb40800 Exception <a 'java/lang/NoSuchMethodError'{0x00000000c6f21588}: 'java.lang.Object java.lang.invoke.DirectMethodHandle$Holder.invokeStaticInit(java.lang.Object, int, int, int, int)'> (0x00000000c6f21588) thrown at [./src/hotspot/share/interpreter/linkResolver.cpp, line 773]
Event: 10.960 Thread 0x00000203bfb40800 Implicit null exception at 0x00000203cfe05a24 to 0x00000203cfe08d8c
Event: 11.035 Thread 0x00000203bfb40800 Implicit null exception at 0x00000203cfd82f74 to 0x00000203cfd83480
Event: 11.035 Thread 0x00000203bfb40800 Implicit null exception at 0x00000203cfd783f4 to 0x00000203cfd788e0
Event: 12.849 Thread 0x00000203bfb40800 Exception <a 'sun/nio/fs/WindowsException'{0x00000000c6c50fd8}> (0x00000000c6c50fd8) thrown at [./src/hotspot/share/prims/jni.cpp, line 617]
Event: 12.851 Thread 0x00000203bfb40800 Exception <a 'sun/nio/fs/WindowsException'{0x00000000c6c51580}> (0x00000000c6c51580) thrown at [./src/hotspot/share/prims/jni.cpp, line 617]
Event: 12.870 Thread 0x00000203bfb40800 Exception <a 'java/lang/NoSuchMethodError'{0x00000000c6ca1470}: 'java.lang.Object java.lang.invoke.DirectMethodHandle$Holder.invokeVirtual(java.lang.Object, java.lang.Object, java.lang.Object)'> (0x00000000c6ca1470) thrown at [./src/hotspot/share/interpreter/linkResolver.cpp, line 773]
Event: 13.035 Thread 0x00000203bfb40800 Exception <a 'sun/nio/fs/WindowsException'{0x00000000c6a19700}> (0x00000000c6a19700) thrown at [./src/hotspot/share/prims/jni.cpp, line 617]
Event: 13.062 Thread 0x00000203bfb40800 Exception <a 'java/lang/NoSuchMethodError'{0x00000000c6a36220}: 'int java.lang.invoke.DirectMethodHandle$Holder.invokeStaticInit(java.lang.Object, java.lang.Object, java.lang.Object, java.lang.Object)'> (0x00000000c6a36220) thrown at [./src/hotspot/share/interpreter/linkResolver.cpp, line 773]
Event: 13.065 Thread 0x00000203bfb40800 Exception <a 'java/lang/IncompatibleClassChangeError'{0x00000000c6a3ef88}: Found class java.lang.Object, but interface was expected> (0x00000000c6a3ef88) thrown at [./src/hotspot/share/interpreter/linkResolver.cpp, line 839]
Event: 13.066 Thread 0x00000203bfb40800 Exception <a 'java/lang/NoSuchMethodError'{0x00000000c6a42020}: 'void java.lang.invoke.DirectMethodHandle$Holder.invokeStaticInit(java.lang.Object, java.lang.Object)'> (0x00000000c6a42020) thrown at [./src/hotspot/share/interpreter/linkResolver.cpp, line 773]
Event: 14.231 Thread 0x00000203bfb40800 Exception <a 'java/lang/NoSuchMethodError'{0x00000000c6374b38}: 'java.lang.Object java.lang.invoke.DirectMethodHandle$Holder.invokeStaticInit(java.lang.Object, java.lang.Object, int, int, int, int)'> (0x00000000c6374b38) thrown at [./src/hotspot/share/interpreter/linkResolver.cpp, line 773]

Events (20 events):
Event: 14.387 loading class org/apache/http/RequestLine
Event: 14.387 loading class org/apache/http/RequestLine done
Event: 14.388 loading class org/apache/http/impl/DefaultHttpResponseFactory
Event: 14.388 loading class org/apache/http/impl/DefaultHttpResponseFactory done
Event: 14.389 loading class org/apache/http/ReasonPhraseCatalog
Event: 14.389 loading class org/apache/http/ReasonPhraseCatalog done
Event: 14.390 loading class org/apache/http/impl/EnglishReasonPhraseCatalog
Event: 14.390 loading class org/apache/http/impl/EnglishReasonPhraseCatalog done
Event: 14.391 loading class org/apache/http/impl/entity/LaxContentLengthStrategy
Event: 14.391 loading class org/apache/http/impl/entity/LaxContentLengthStrategy done
Event: 14.394 loading class org/apache/http/ProtocolException
Event: 14.394 loading class org/apache/http/ProtocolException done
Event: 14.394 loading class org/apache/http/impl/entity/StrictContentLengthStrategy
Event: 14.394 loading class org/apache/http/impl/entity/StrictContentLengthStrategy done
Event: 14.396 loading class org/apache/http/impl/conn/PoolingHttpClientConnectionManager$ConfigData
Event: 14.396 loading class org/apache/http/impl/conn/PoolingHttpClientConnectionManager$ConfigData done
Event: 14.397 loading class org/apache/http/impl/conn/CPool
Event: 14.397 loading class org/apache/http/impl/conn/CPool done
Event: 14.398 loading class org/apache/http/pool/AbstractConnPool
Event: 14.398 loading class org/apache/http/pool/AbstractConnPool done


Dynamic libraries:
0x00007ff7c2820000 - 0x00007ff7c282d000 	C:\Program Files\Microsoft\jdk-11.0.16.101-hotspot\bin\java.exe
0x00007fffba270000 - 0x00007fffba486000 	C:\WINDOWS\SYSTEM32\ntdll.dll
0x00007fffb9cd0000 - 0x00007fffb9d94000 	C:\WINDOWS\System32\KERNEL32.DLL
0x00007fffb7a00000 - 0x00007fffb7da7000 	C:\WINDOWS\System32\KERNELBASE.dll
0x00007fffb78e0000 - 0x00007fffb79f1000 	C:\WINDOWS\System32\ucrtbase.dll
0x00007fffaf6a0000 - 0x00007fffaf6b5000 	C:\Program Files\Microsoft\jdk-11.0.16.101-hotspot\bin\VCRUNTIME140.dll
0x00007fffa7b10000 - 0x00007fffa7b27000 	C:\Program Files\Microsoft\jdk-11.0.16.101-hotspot\bin\jli.dll
0x00007fffb8fa0000 - 0x00007fffb914e000 	C:\WINDOWS\System32\USER32.dll
0x00007fffb78b0000 - 0x00007fffb78d6000 	C:\WINDOWS\System32\win32u.dll
0x00007fffb9e80000 - 0x00007fffb9ea9000 	C:\WINDOWS\System32\GDI32.dll
0x00007fffb7650000 - 0x00007fffb7769000 	C:\WINDOWS\System32\gdi32full.dll
0x00007fffb7810000 - 0x00007fffb78aa000 	C:\WINDOWS\System32\msvcp_win.dll
0x00007fffa6420000 - 0x00007fffa66b3000 	C:\WINDOWS\WinSxS\amd64_microsoft.windows.common-controls_6595b64144ccf1df_6.0.22621.3235_none_270f74e173860f98\COMCTL32.dll
0x00007fffb83e0000 - 0x00007fffb8487000 	C:\WINDOWS\System32\msvcrt.dll
0x00007fffb92d0000 - 0x00007fffb9301000 	C:\WINDOWS\System32\IMM32.DLL
0x00007fff7a930000 - 0x00007fff7a9cb000 	C:\Program Files\Microsoft\jdk-11.0.16.101-hotspot\bin\msvcp140.dll
0x00007fff27280000 - 0x00007fff27e0a000 	C:\Program Files\Microsoft\jdk-11.0.16.101-hotspot\bin\server\jvm.dll
0x00007fffb8520000 - 0x00007fffb85d2000 	C:\WINDOWS\System32\ADVAPI32.dll
0x00007fffb91f0000 - 0x00007fffb9298000 	C:\WINDOWS\System32\sechost.dll
0x00007fffb7770000 - 0x00007fffb7798000 	C:\WINDOWS\System32\bcrypt.dll
0x00007fffb8cf0000 - 0x00007fffb8e05000 	C:\WINDOWS\System32\RPCRT4.dll
0x00007fffb8490000 - 0x00007fffb8498000 	C:\WINDOWS\System32\PSAPI.DLL
0x00007fffafc20000 - 0x00007fffafc54000 	C:\WINDOWS\SYSTEM32\WINMM.dll
0x00007fffb18e0000 - 0x00007fffb18ea000 	C:\WINDOWS\SYSTEM32\VERSION.dll
0x00007fff9cb70000 - 0x00007fff9cb79000 	C:\WINDOWS\SYSTEM32\WSOCK32.dll
0x00007fffb84a0000 - 0x00007fffb8511000 	C:\WINDOWS\System32\WS2_32.dll
0x00007fffb6590000 - 0x00007fffb65a8000 	C:\WINDOWS\SYSTEM32\kernel.appcore.dll
0x00007fffb1a30000 - 0x00007fffb1a40000 	C:\Program Files\Microsoft\jdk-11.0.16.101-hotspot\bin\verify.dll
0x00007fffb4e80000 - 0x00007fffb50b3000 	C:\WINDOWS\SYSTEM32\DBGHELP.DLL
0x00007fffb7fa0000 - 0x00007fffb8328000 	C:\WINDOWS\System32\combase.dll
0x00007fffb9da0000 - 0x00007fffb9e77000 	C:\WINDOWS\System32\OLEAUT32.dll
0x00007fff9cc00000 - 0x00007fff9cc32000 	C:\WINDOWS\SYSTEM32\dbgcore.DLL
0x00007fffb7f20000 - 0x00007fffb7f99000 	C:\WINDOWS\System32\bcryptPrimitives.dll
0x00007fffa6710000 - 0x00007fffa6738000 	C:\Program Files\Microsoft\jdk-11.0.16.101-hotspot\bin\java.dll
0x00007fffb0df0000 - 0x00007fffb0dfa000 	C:\Program Files\Microsoft\jdk-11.0.16.101-hotspot\bin\jimage.dll
0x00007fffa3ad0000 - 0x00007fffa3ae8000 	C:\Program Files\Microsoft\jdk-11.0.16.101-hotspot\bin\zip.dll
0x00007fffb9470000 - 0x00007fffb9ccc000 	C:\WINDOWS\System32\SHELL32.dll
0x00007fffb54a0000 - 0x00007fffb5d99000 	C:\WINDOWS\SYSTEM32\windows.storage.dll
0x00007fffb5360000 - 0x00007fffb549e000 	C:\WINDOWS\SYSTEM32\wintypes.dll
0x00007fffb8ea0000 - 0x00007fffb8f93000 	C:\WINDOWS\System32\SHCORE.dll
0x00007fffb85e0000 - 0x00007fffb863e000 	C:\WINDOWS\System32\shlwapi.dll
0x00007fffb74c0000 - 0x00007fffb74e1000 	C:\WINDOWS\SYSTEM32\profapi.dll
0x00007fff9f5f0000 - 0x00007fff9f609000 	C:\Program Files\Microsoft\jdk-11.0.16.101-hotspot\bin\net.dll
0x00007fffb0ff0000 - 0x00007fffb1126000 	C:\WINDOWS\SYSTEM32\WINHTTP.dll
0x00007fffb69f0000 - 0x00007fffb6a59000 	C:\WINDOWS\system32\mswsock.dll
0x00007fff9c3f0000 - 0x00007fff9c403000 	C:\Program Files\Microsoft\jdk-11.0.16.101-hotspot\bin\nio.dll
0x0000000069ac0000 - 0x0000000069ae4000 	C:\maven\apache-maven-3.9.6-bin\apache-maven-3.9.6\lib\jansi-native\Windows\x86_64\jansi.dll
0x00007fff8c700000 - 0x00007fff8c725000 	C:\Program Files\Microsoft\jdk-11.0.16.101-hotspot\bin\sunec.dll
0x00007fffb6d40000 - 0x00007fffb6d5b000 	C:\WINDOWS\SYSTEM32\CRYPTSP.dll
0x00007fffb64f0000 - 0x00007fffb6525000 	C:\WINDOWS\system32\rsaenh.dll
0x00007fffb6a90000 - 0x00007fffb6ab8000 	C:\WINDOWS\SYSTEM32\USERENV.dll
0x00007fffb6d20000 - 0x00007fffb6d2c000 	C:\WINDOWS\SYSTEM32\CRYPTBASE.dll
0x00007fffb6000000 - 0x00007fffb602d000 	C:\WINDOWS\SYSTEM32\IPHLPAPI.DLL
0x00007fffb92c0000 - 0x00007fffb92c9000 	C:\WINDOWS\System32\NSI.dll
0x00007fffb1560000 - 0x00007fffb1579000 	C:\WINDOWS\SYSTEM32\dhcpcsvc6.DLL
0x00007fffb11d0000 - 0x00007fffb11ef000 	C:\WINDOWS\SYSTEM32\dhcpcsvc.DLL
0x00007fffb6070000 - 0x00007fffb6169000 	C:\WINDOWS\SYSTEM32\DNSAPI.dll

dbghelp: loaded successfully - version: 4.0.5 - missing functions: none
symbol engine: initialized successfully - sym options: 0x614 - pdb path: .;C:\Program Files\Microsoft\jdk-11.0.16.101-hotspot\bin;C:\WINDOWS\SYSTEM32;C:\WINDOWS\WinSxS\amd64_microsoft.windows.common-controls_6595b64144ccf1df_6.0.22621.3235_none_270f74e173860f98;C:\Program Files\Microsoft\jdk-11.0.16.101-hotspot\bin\server;C:\maven\apache-maven-3.9.6-bin\apache-maven-3.9.6\lib\jansi-native\Windows\x86_64

VM Arguments:
jvm_args: -Dclassworlds.conf=C:\maven\apache-maven-3.9.6-bin\apache-maven-3.9.6\bin\m2.conf -Dmaven.home=C:\maven\apache-maven-3.9.6-bin\apache-maven-3.9.6 -Dlibrary.jansi.path=C:\maven\apache-maven-3.9.6-bin\apache-maven-3.9.6\lib\jansi-native -Dmaven.multiModuleProjectDirectory=C:\projet Backend Parking\backend 
java_command: org.codehaus.plexus.classworlds.launcher.Launcher clean install -DskipTests
java_class_path (initial): C:\maven\apache-maven-3.9.6-bin\apache-maven-3.9.6\boot\plexus-classworlds-2.7.0.jar
Launcher Type: SUN_STANDARD

[Global flags]
     intx CICompilerCount                          = 3                                         {product} {ergonomic}
     uint ConcGCThreads                            = 1                                         {product} {ergonomic}
     uint G1ConcRefinementThreads                  = 4                                         {product} {ergonomic}
   size_t G1HeapRegionSize                         = 1048576                                   {product} {ergonomic}
    uintx GCDrainStackTargetSize                   = 64                                        {product} {ergonomic}
   size_t InitialHeapSize                          = 65011712                                  {product} {ergonomic}
   size_t MarkStackSize                            = 4194304                                   {product} {ergonomic}
   size_t MaxHeapSize                              = 1021313024                                {product} {ergonomic}
   size_t MaxNewSize                               = 612368384                                 {product} {ergonomic}
   size_t MinHeapDeltaBytes                        = 1048576                                   {product} {ergonomic}
    uintx NonNMethodCodeHeapSize                   = 5830732                                {pd product} {ergonomic}
    uintx NonProfiledCodeHeapSize                  = 122913754                              {pd product} {ergonomic}
    uintx ProfiledCodeHeapSize                     = 122913754                              {pd product} {ergonomic}
    uintx ReservedCodeCacheSize                    = 251658240                              {pd product} {ergonomic}
     bool SegmentedCodeCache                       = true                                      {product} {ergonomic}
     bool UseCompressedClassPointers               = true                                 {lp64_product} {ergonomic}
     bool UseCompressedOops                        = true                                 {lp64_product} {ergonomic}
     bool UseG1GC                                  = true                                      {product} {ergonomic}
     bool UseLargePagesIndividualAllocation        = false                                  {pd product} {ergonomic}

Logging:
Log output configuration:
 #0: stdout all=warning uptime,level,tags
 #1: stderr all=off uptime,level,tags

Environment Variables:
PATH=C:\Program Files (x86)\VMware\VMware Workstation\bin\;C:\App\Admin\WINDOWS.X64_193000_db_home\bin;C:\Program Files\Microsoft\jdk-11.0.16.101-hotspot\bin;C:\oraclexe\app\oracle\product\11.2.0\server\bin;C:\Program Files\Common Files\Oracle\Java\javapath;C:\WINDOWS\system32;C:\WINDOWS;C:\WINDOWS\System32\Wbem;C:\WINDOWS\System32\WindowsPowerShell\v1.0\;C:\WINDOWS\System32\OpenSSH\;C:\Program Files\Java\jdk-18.0.2.1\bin;C:\Program Files\nodejs\node.exe;C:\ProgramData\ComposerSetup\bin;C:\Program Files\Microsoft SQL Server\150\Tools\Binn\;C:\Program Files\Microsoft SQL Server\Client SDK\ODBC\170\Tools\Binn\;C:\Program Files\dotnet\;C:\Program Files (x86)\Microsoft SQL Server\160\Tools\Binn\;C:\Program Files\Microsoft SQL Server\160\Tools\Binn\;C:\Program Files\Microsoft SQL Server\160\DTS\Binn\;C:\Program Files\Azure Data Studio\bin;C:\Program Files (x86)\Microsoft SQL Server\160\DTS\Binn\;C:\Program Files\Docker\Docker\resources\bin\docker.exe;C:\Users\Administrateur\Downloads\python-3.12.3-amd64.exe;C:\Program Files\Git\cmd;C:\maven\apache-maven-3.9.6-bin\apache-maven-3.9.6\bin;C:\Program Files\Java\jdk-21\bin;C:\Users\Administrateur\AppData\Local\Programs\Python\Python312\Scripts\;C:\Users\Administrateur\AppData\Local\Programs\Python\Python312\;C:\Users\Administrateur\AppData\Local\Programs\Python\Launcher\;C:\Users\Administrateur\AppData\Local\Microsoft\WindowsApps;C:\Users\Administrateur\AppData\Local\Programs\Microsoft VS Code\bin;C:\Program Files\JetBrains\IntelliJ IDEA Community Edition 2022.2.2\bin;;C:\Program Files\Java\jdk-18.0.2.1\bin;C:\Program Files\JetBrains\IntelliJ IDEA 2024.1\bin;;C:\Users\Administrateur\AppData\Roaming\npm;C:\xampp\php;C:\Users\Administrateur\AppData\Roaming\Composer\vendor\bin;C:\Program Files\Azure Data Studio\bin;C:\maven\apache-maven-3.9.6-bin\apache-maven-3.9.6\bin;
USERNAME=Administrateur
OS=Windows_NT
PROCESSOR_IDENTIFIER=Intel64 Family 6 Model 126 Stepping 5, GenuineIntel
TMP=C:\Users\ADMINI~1\AppData\Local\Temp
TEMP=C:\Users\ADMINI~1\AppData\Local\Temp



---------------  S Y S T E M  ---------------

OS: Windows 11 , 64 bit Build 22621 (10.0.22621.3374)
OS uptime: 3 days 19:57 hours
Hyper-V role detected

CPU:total 4 (initial active 4) (2 cores per cpu, 2 threads per core) family 6 model 126 stepping 5 microcode 0x86, cmov, cx8, fxsr, mmx, sse, sse2, sse3, ssse3, sse4.1, sse4.2, popcnt, avx, avx2, aes, clmul, erms, 3dnowpref, lzcnt, ht, tsc, tscinvbit, bmi1, bmi2, adx, evex, sha, fma

Memory: 4k page, system-wide physical 3891M (236M free)
TotalPageFile size 15667M (AvailPageFile size 2M)
current process WorkingSet (physical memory assigned to process): 122M, peak: 122M
current process commit charge ("private bytes"): 174M, peak: 174M

vm_info: OpenJDK 64-Bit Server VM (11.0.16.1+1-LTS) for windows-amd64 JRE (11.0.16.1+1-LTS), built on Aug 20 2022 20:09:04 by "" with MS VC++ 15.9 (VS2017)

END.
